{"/home/prathamesh/kayaka-devops-assignment/app/src/app.js": {"path":"/home/prathamesh/kayaka-devops-assignment/app/src/app.js","statementMap":{"0":{"start":{"line":1,"column":0},"end":{"line":1,"column":null}},"1":{"start":{"line":2,"column":16},"end":{"line":2,"column":34}},"2":{"start":{"line":3,"column":15},"end":{"line":3,"column":32}},"3":{"start":{"line":4,"column":13},"end":{"line":4,"column":28}},"4":{"start":{"line":5,"column":15},"end":{"line":5,"column":32}},"5":{"start":{"line":6,"column":64},"end":{"line":6,"column":86}},"6":{"start":{"line":7,"column":23},"end":{"line":7,"column":38}},"7":{"start":{"line":8,"column":15},"end":{"line":8,"column":34}},"8":{"start":{"line":10,"column":30},"end":{"line":10,"column":35}},"9":{"start":{"line":12,"column":28},"end":{"line":17,"column":2}},"10":{"start":{"line":19,"column":25},"end":{"line":23,"column":2}},"11":{"start":{"line":26,"column":14},"end":{"line":26,"column":23}},"12":{"start":{"line":28,"column":2},"end":{"line":31,"column":null}},"13":{"start":{"line":29,"column":4},"end":{"line":29,"column":null}},"14":{"start":{"line":30,"column":4},"end":{"line":30,"column":null}},"15":{"start":{"line":33,"column":2},"end":{"line":33,"column":null}},"16":{"start":{"line":34,"column":2},"end":{"line":34,"column":null}},"17":{"start":{"line":35,"column":2},"end":{"line":35,"column":null}},"18":{"start":{"line":36,"column":2},"end":{"line":38,"column":null}},"19":{"start":{"line":37,"column":30},"end":{"line":37,"column":53}},"20":{"start":{"line":40,"column":2},"end":{"line":49,"column":null}},"21":{"start":{"line":41,"column":18},"end":{"line":41,"column":28}},"22":{"start":{"line":42,"column":4},"end":{"line":47,"column":null}},"23":{"start":{"line":43,"column":23},"end":{"line":43,"column":50}},"24":{"start":{"line":44,"column":20},"end":{"line":44,"column":57}},"25":{"start":{"line":45,"column":6},"end":{"line":45,"column":null}},"26":{"start":{"line":46,"column":6},"end":{"line":46,"column":null}},"27":{"start":{"line":48,"column":4},"end":{"line":48,"column":null}},"28":{"start":{"line":51,"column":2},"end":{"line":59,"column":null}},"29":{"start":{"line":52,"column":4},"end":{"line":58,"column":null}},"30":{"start":{"line":53,"column":6},"end":{"line":53,"column":null}},"31":{"start":{"line":54,"column":6},"end":{"line":54,"column":null}},"32":{"start":{"line":56,"column":6},"end":{"line":56,"column":null}},"33":{"start":{"line":57,"column":6},"end":{"line":57,"column":null}},"34":{"start":{"line":61,"column":2},"end":{"line":68,"column":null}},"35":{"start":{"line":62,"column":4},"end":{"line":67,"column":null}},"36":{"start":{"line":63,"column":6},"end":{"line":63,"column":null}},"37":{"start":{"line":64,"column":6},"end":{"line":64,"column":null}},"38":{"start":{"line":66,"column":6},"end":{"line":66,"column":null}},"39":{"start":{"line":70,"column":2},"end":{"line":77,"column":null}},"40":{"start":{"line":71,"column":4},"end":{"line":76,"column":null}},"41":{"start":{"line":72,"column":6},"end":{"line":72,"column":null}},"42":{"start":{"line":73,"column":6},"end":{"line":73,"column":null}},"43":{"start":{"line":75,"column":6},"end":{"line":75,"column":null}},"44":{"start":{"line":79,"column":2},"end":{"line":90,"column":null}},"45":{"start":{"line":80,"column":4},"end":{"line":89,"column":null}},"46":{"start":{"line":81,"column":21},"end":{"line":84,"column":7}},"47":{"start":{"line":85,"column":6},"end":{"line":85,"column":null}},"48":{"start":{"line":87,"column":6},"end":{"line":87,"column":null}},"49":{"start":{"line":88,"column":6},"end":{"line":88,"column":null}},"50":{"start":{"line":92,"column":2},"end":{"line":103,"column":null}},"51":{"start":{"line":93,"column":4},"end":{"line":102,"column":null}},"52":{"start":{"line":94,"column":21},"end":{"line":94,"column":91}},"53":{"start":{"line":95,"column":6},"end":{"line":97,"column":null}},"54":{"start":{"line":96,"column":8},"end":{"line":96,"column":null}},"55":{"start":{"line":98,"column":6},"end":{"line":98,"column":null}},"56":{"start":{"line":100,"column":6},"end":{"line":100,"column":null}},"57":{"start":{"line":101,"column":6},"end":{"line":101,"column":null}},"58":{"start":{"line":105,"column":2},"end":{"line":122,"column":null}},"59":{"start":{"line":106,"column":34},"end":{"line":106,"column":42}},"60":{"start":{"line":107,"column":4},"end":{"line":109,"column":null}},"61":{"start":{"line":108,"column":6},"end":{"line":108,"column":null}},"62":{"start":{"line":110,"column":4},"end":{"line":121,"column":null}},"63":{"start":{"line":111,"column":17},"end":{"line":111,"column":25}},"64":{"start":{"line":112,"column":21},"end":{"line":115,"column":7}},"65":{"start":{"line":116,"column":6},"end":{"line":116,"column":null}},"66":{"start":{"line":117,"column":6},"end":{"line":117,"column":null}},"67":{"start":{"line":119,"column":6},"end":{"line":119,"column":null}},"68":{"start":{"line":120,"column":6},"end":{"line":120,"column":null}},"69":{"start":{"line":124,"column":2},"end":{"line":139,"column":null}},"70":{"start":{"line":125,"column":34},"end":{"line":125,"column":42}},"71":{"start":{"line":126,"column":4},"end":{"line":138,"column":null}},"72":{"start":{"line":127,"column":21},"end":{"line":130,"column":7}},"73":{"start":{"line":131,"column":6},"end":{"line":133,"column":null}},"74":{"start":{"line":132,"column":8},"end":{"line":132,"column":null}},"75":{"start":{"line":134,"column":6},"end":{"line":134,"column":null}},"76":{"start":{"line":136,"column":6},"end":{"line":136,"column":null}},"77":{"start":{"line":137,"column":6},"end":{"line":137,"column":null}},"78":{"start":{"line":141,"column":2},"end":{"line":152,"column":null}},"79":{"start":{"line":142,"column":4},"end":{"line":151,"column":null}},"80":{"start":{"line":143,"column":21},"end":{"line":143,"column":102}},"81":{"start":{"line":144,"column":6},"end":{"line":146,"column":null}},"82":{"start":{"line":145,"column":8},"end":{"line":145,"column":null}},"83":{"start":{"line":147,"column":6},"end":{"line":147,"column":null}},"84":{"start":{"line":149,"column":6},"end":{"line":149,"column":null}},"85":{"start":{"line":150,"column":6},"end":{"line":150,"column":null}},"86":{"start":{"line":154,"column":2},"end":{"line":157,"column":null}},"87":{"start":{"line":155,"column":4},"end":{"line":155,"column":null}},"88":{"start":{"line":156,"column":4},"end":{"line":156,"column":null}},"89":{"start":{"line":159,"column":2},"end":{"line":159,"column":null}},"90":{"start":{"line":162,"column":0},"end":{"line":162,"column":null}}},"fnMap":{"0":{"name":"createApp","decl":{"start":{"line":25,"column":9},"end":{"line":25,"column":18}},"loc":{"start":{"line":25,"column":25},"end":{"line":160,"column":null}},"line":25},"1":{"name":"(anonymous_1)","decl":{"start":{"line":37,"column":21},"end":{"line":37,"column":22}},"loc":{"start":{"line":37,"column":30},"end":{"line":37,"column":53}},"line":37},"2":{"name":"(anonymous_2)","decl":{"start":{"line":40,"column":10},"end":{"line":40,"column":11}},"loc":{"start":{"line":40,"column":30},"end":{"line":49,"column":3}},"line":40},"3":{"name":"(anonymous_3)","decl":{"start":{"line":42,"column":21},"end":{"line":42,"column":22}},"loc":{"start":{"line":42,"column":27},"end":{"line":47,"column":5}},"line":42},"4":{"name":"(anonymous_4)","decl":{"start":{"line":51,"column":21},"end":{"line":51,"column":26}},"loc":{"start":{"line":51,"column":41},"end":{"line":59,"column":3}},"line":51},"5":{"name":"(anonymous_5)","decl":{"start":{"line":61,"column":20},"end":{"line":61,"column":25}},"loc":{"start":{"line":61,"column":40},"end":{"line":68,"column":3}},"line":61},"6":{"name":"(anonymous_6)","decl":{"start":{"line":70,"column":22},"end":{"line":70,"column":27}},"loc":{"start":{"line":70,"column":42},"end":{"line":77,"column":3}},"line":70},"7":{"name":"(anonymous_7)","decl":{"start":{"line":79,"column":24},"end":{"line":79,"column":29}},"loc":{"start":{"line":79,"column":44},"end":{"line":90,"column":3}},"line":79},"8":{"name":"(anonymous_8)","decl":{"start":{"line":92,"column":28},"end":{"line":92,"column":33}},"loc":{"start":{"line":92,"column":48},"end":{"line":103,"column":3}},"line":92},"9":{"name":"(anonymous_9)","decl":{"start":{"line":105,"column":25},"end":{"line":105,"column":30}},"loc":{"start":{"line":105,"column":45},"end":{"line":122,"column":3}},"line":105},"10":{"name":"(anonymous_10)","decl":{"start":{"line":124,"column":28},"end":{"line":124,"column":33}},"loc":{"start":{"line":124,"column":48},"end":{"line":139,"column":3}},"line":124},"11":{"name":"(anonymous_11)","decl":{"start":{"line":141,"column":31},"end":{"line":141,"column":36}},"loc":{"start":{"line":141,"column":51},"end":{"line":152,"column":3}},"line":141},"12":{"name":"(anonymous_12)","decl":{"start":{"line":154,"column":10},"end":{"line":154,"column":11}},"loc":{"start":{"line":154,"column":36},"end":{"line":157,"column":3}},"line":154}},"branchMap":{"0":{"loc":{"start":{"line":28,"column":2},"end":{"line":31,"column":null}},"type":"if","locations":[{"start":{"line":28,"column":2},"end":{"line":31,"column":null}},{"start":{},"end":{}}],"line":28},"1":{"loc":{"start":{"line":44,"column":20},"end":{"line":44,"column":57}},"type":"cond-expr","locations":[{"start":{"line":44,"column":32},"end":{"line":44,"column":46}},{"start":{"line":44,"column":49},"end":{"line":44,"column":57}}],"line":44},"2":{"loc":{"start":{"line":83,"column":9},"end":{"line":83,"column":40}},"type":"binary-expr","locations":[{"start":{"line":83,"column":9},"end":{"line":83,"column":34}},{"start":{"line":83,"column":38},"end":{"line":83,"column":40}}],"line":83},"3":{"loc":{"start":{"line":83,"column":42},"end":{"line":83,"column":73}},"type":"binary-expr","locations":[{"start":{"line":83,"column":42},"end":{"line":83,"column":68}},{"start":{"line":83,"column":72},"end":{"line":83,"column":73}}],"line":83},"4":{"loc":{"start":{"line":95,"column":6},"end":{"line":97,"column":null}},"type":"if","locations":[{"start":{"line":95,"column":6},"end":{"line":97,"column":null}},{"start":{},"end":{}}],"line":95},"5":{"loc":{"start":{"line":107,"column":4},"end":{"line":109,"column":null}},"type":"if","locations":[{"start":{"line":107,"column":4},"end":{"line":109,"column":null}},{"start":{},"end":{}}],"line":107},"6":{"loc":{"start":{"line":114,"column":19},"end":{"line":114,"column":36}},"type":"binary-expr","locations":[{"start":{"line":114,"column":19},"end":{"line":114,"column":30}},{"start":{"line":114,"column":34},"end":{"line":114,"column":36}}],"line":114},"7":{"loc":{"start":{"line":131,"column":6},"end":{"line":133,"column":null}},"type":"if","locations":[{"start":{"line":131,"column":6},"end":{"line":133,"column":null}},{"start":{},"end":{}}],"line":131},"8":{"loc":{"start":{"line":144,"column":6},"end":{"line":146,"column":null}},"type":"if","locations":[{"start":{"line":144,"column":6},"end":{"line":146,"column":null}},{"start":{},"end":{}}],"line":144}},"s":{"0":1,"1":1,"2":1,"3":1,"4":1,"5":1,"6":1,"7":1,"8":1,"9":1,"10":1,"11":8,"12":8,"13":1,"14":1,"15":8,"16":8,"17":8,"18":8,"19":8,"20":8,"21":8,"22":8,"23":8,"24":8,"25":8,"26":8,"27":8,"28":8,"29":2,"30":2,"31":1,"32":1,"33":1,"34":8,"35":0,"36":0,"37":0,"38":0,"39":8,"40":1,"41":1,"42":1,"43":0,"44":8,"45":1,"46":1,"47":1,"48":0,"49":0,"50":8,"51":1,"52":1,"53":1,"54":1,"55":0,"56":0,"57":0,"58":8,"59":2,"60":2,"61":1,"62":1,"63":1,"64":1,"65":1,"66":1,"67":0,"68":0,"69":8,"70":0,"71":0,"72":0,"73":0,"74":0,"75":0,"76":0,"77":0,"78":8,"79":1,"80":1,"81":1,"82":0,"83":1,"84":0,"85":0,"86":8,"87":0,"88":0,"89":8,"90":1},"f":{"0":8,"1":8,"2":8,"3":8,"4":2,"5":0,"6":1,"7":1,"8":1,"9":2,"10":0,"11":1,"12":0},"b":{"0":[1,7],"1":[8,0],"2":[1,1],"3":[1,1],"4":[1,0],"5":[1,1],"6":[1,1],"7":[0,0],"8":[0,1]},"meta":{"lastBranch":9,"lastFunction":13,"lastStatement":91,"seen":{"s:1:0:1:Infinity":0,"s:2:16:2:34":1,"s:3:15:3:32":2,"s:4:13:4:28":3,"s:5:15:5:32":4,"s:6:64:6:86":5,"s:7:23:7:38":6,"s:8:15:8:34":7,"s:10:30:10:35":8,"s:12:28:17:2":9,"s:19:25:23:2":10,"f:25:9:25:18":0,"s:26:14:26:23":11,"b:28:2:31:Infinity:undefined:undefined:undefined:undefined":0,"s:28:2:31:Infinity":12,"s:29:4:29:Infinity":13,"s:30:4:30:Infinity":14,"s:33:2:33:Infinity":15,"s:34:2:34:Infinity":16,"s:35:2:35:Infinity":17,"s:36:2:38:Infinity":18,"f:37:21:37:22":1,"s:37:30:37:53":19,"s:40:2:49:Infinity":20,"f:40:10:40:11":2,"s:41:18:41:28":21,"s:42:4:47:Infinity":22,"f:42:21:42:22":3,"s:43:23:43:50":23,"s:44:20:44:57":24,"b:44:32:44:46:44:49:44:57":1,"s:45:6:45:Infinity":25,"s:46:6:46:Infinity":26,"s:48:4:48:Infinity":27,"s:51:2:59:Infinity":28,"f:51:21:51:26":4,"s:52:4:58:Infinity":29,"s:53:6:53:Infinity":30,"s:54:6:54:Infinity":31,"s:56:6:56:Infinity":32,"s:57:6:57:Infinity":33,"s:61:2:68:Infinity":34,"f:61:20:61:25":5,"s:62:4:67:Infinity":35,"s:63:6:63:Infinity":36,"s:64:6:64:Infinity":37,"s:66:6:66:Infinity":38,"s:70:2:77:Infinity":39,"f:70:22:70:27":6,"s:71:4:76:Infinity":40,"s:72:6:72:Infinity":41,"s:73:6:73:Infinity":42,"s:75:6:75:Infinity":43,"s:79:2:90:Infinity":44,"f:79:24:79:29":7,"s:80:4:89:Infinity":45,"s:81:21:84:7":46,"b:83:9:83:34:83:38:83:40":2,"b:83:42:83:68:83:72:83:73":3,"s:85:6:85:Infinity":47,"s:87:6:87:Infinity":48,"s:88:6:88:Infinity":49,"s:92:2:103:Infinity":50,"f:92:28:92:33":8,"s:93:4:102:Infinity":51,"s:94:21:94:91":52,"b:95:6:97:Infinity:undefined:undefined:undefined:undefined":4,"s:95:6:97:Infinity":53,"s:96:8:96:Infinity":54,"s:98:6:98:Infinity":55,"s:100:6:100:Infinity":56,"s:101:6:101:Infinity":57,"s:105:2:122:Infinity":58,"f:105:25:105:30":9,"s:106:34:106:42":59,"b:107:4:109:Infinity:undefined:undefined:undefined:undefined":5,"s:107:4:109:Infinity":60,"s:108:6:108:Infinity":61,"s:110:4:121:Infinity":62,"s:111:17:111:25":63,"s:112:21:115:7":64,"b:114:19:114:30:114:34:114:36":6,"s:116:6:116:Infinity":65,"s:117:6:117:Infinity":66,"s:119:6:119:Infinity":67,"s:120:6:120:Infinity":68,"s:124:2:139:Infinity":69,"f:124:28:124:33":10,"s:125:34:125:42":70,"s:126:4:138:Infinity":71,"s:127:21:130:7":72,"b:131:6:133:Infinity:undefined:undefined:undefined:undefined":7,"s:131:6:133:Infinity":73,"s:132:8:132:Infinity":74,"s:134:6:134:Infinity":75,"s:136:6:136:Infinity":76,"s:137:6:137:Infinity":77,"s:141:2:152:Infinity":78,"f:141:31:141:36":11,"s:142:4:151:Infinity":79,"s:143:21:143:102":80,"b:144:6:146:Infinity:undefined:undefined:undefined:undefined":8,"s:144:6:146:Infinity":81,"s:145:8:145:Infinity":82,"s:147:6:147:Infinity":83,"s:149:6:149:Infinity":84,"s:150:6:150:Infinity":85,"s:154:2:157:Infinity":86,"f:154:10:154:11":12,"s:155:4:155:Infinity":87,"s:156:4:156:Infinity":88,"s:159:2:159:Infinity":89,"s:162:0:162:Infinity":90},"fnNames":{}}}
,"/home/prathamesh/kayaka-devops-assignment/app/src/logger.js": {"path":"/home/prathamesh/kayaka-devops-assignment/app/src/logger.js","statementMap":{"0":{"start":{"line":1,"column":16},"end":{"line":1,"column":null}},"1":{"start":{"line":3,"column":15},"end":{"line":19,"column":null}},"2":{"start":{"line":21,"column":0},"end":{"line":28,"column":null}},"3":{"start":{"line":22,"column":2},"end":{"line":24,"column":null}},"4":{"start":{"line":25,"column":2},"end":{"line":27,"column":null}},"5":{"start":{"line":30,"column":0},"end":{"line":30,"column":null}}},"fnMap":{},"branchMap":{"0":{"loc":{"start":{"line":4,"column":9},"end":{"line":4,"column":null}},"type":"binary-expr","locations":[{"start":{"line":4,"column":9},"end":{"line":4,"column":34}},{"start":{"line":4,"column":34},"end":{"line":4,"column":null}}],"line":4},"1":{"loc":{"start":{"line":21,"column":0},"end":{"line":28,"column":null}},"type":"if","locations":[{"start":{"line":21,"column":0},"end":{"line":28,"column":null}},{"start":{},"end":{}}],"line":21}},"s":{"0":1,"1":1,"2":1,"3":1,"4":0,"5":0},"f":{},"b":{"0":[1,1],"1":[1,0]},"meta":{"lastBranch":2,"lastFunction":0,"lastStatement":6,"seen":{"s:1:16:1:Infinity":0,"s:3:15:19:Infinity":1,"b:4:9:4:34:4:34:4:Infinity":0,"b:21:0:28:Infinity:undefined:undefined:undefined:undefined":1,"s:21:0:28:Infinity":2,"s:22:2:24:Infinity":3,"s:25:2:27:Infinity":4,"s:30:0:30:Infinity":5},"fnNames":{}}}
}
